# JRE version: OpenJDK Runtime Environment (8.0_242-b01) (build 1.8.0_242-release-1644-b01)
# Java VM: OpenJDK 64-Bit Server VM (25.242-b01 mixed mode windows-amd64 compressed oops)
Heap:
 PSYoungGen      total 81920K, used 55832K [0x00000000d5700000, 0x00000000dcb80000, 0x0000000100000000)
  eden space 66560K, 83% used [0x00000000d5700000,0x00000000d8d86268,0x00000000d9800000)
  from space 15360K, 0% used [0x00000000dbc80000,0x00000000dbc80000,0x00000000dcb80000)
  to   space 15872K, 0% used [0x00000000d9800000,0x00000000d9800000,0x00000000da780000)
 ParOldGen       total 121856K, used 100213K [0x0000000080400000, 0x0000000087b00000, 0x00000000d5700000)
  object space 121856K, 82% used [0x0000000080400000,0x00000000865dd408,0x0000000087b00000)
 Metaspace       used 45857K, capacity 46567K, committed 46896K, reserved 1089536K
  class space    used 5652K, capacity 5855K, committed 5936K, reserved 1048576K
GC Heap History (10 events):
Event: 10.327 GC heap before
{Heap before GC invocations=9 (full 2):
 PSYoungGen      total 82944K, used 66560K [0x00000000d5700000, 0x00000000dcf00000, 0x0000000100000000)
  eden space 66560K, 100% used [0x00000000d5700000,0x00000000d9800000,0x00000000d9800000)
  from space 16384K, 0% used [0x00000000da780000,0x00000000da780000,0x00000000db780000)
  to   space 15872K, 0% used [0x00000000d9800000,0x00000000d9800000,0x00000000da780000)
 ParOldGen       total 121856K, used 25617K [0x0000000080400000, 0x0000000087b00000, 0x00000000d5700000)
  object space 121856K, 21% used [0x0000000080400000,0x0000000081d04408,0x0000000087b00000)
 Metaspace       used 37284K, capacity 37815K, committed 38192K, reserved 1083392K
  class space    used 4672K, capacity 4837K, committed 4912K, reserved 1048576K
Event: 10.335 GC heap after
Heap after GC invocations=9 (full 2):
 PSYoungGen      total 82432K, used 8608K [0x00000000d5700000, 0x00000000dcb80000, 0x0000000100000000)
  eden space 66560K, 0% used [0x00000000d5700000,0x00000000d5700000,0x00000000d9800000)
  from space 15872K, 54% used [0x00000000d9800000,0x00000000da0680d0,0x00000000da780000)
  to   space 15360K, 0% used [0x00000000dbc80000,0x00000000dbc80000,0x00000000dcb80000)
 ParOldGen       total 121856K, used 25625K [0x0000000080400000, 0x0000000087b00000, 0x00000000d5700000)
  object space 121856K, 21% used [0x0000000080400000,0x0000000081d06408,0x0000000087b00000)
 Metaspace       used 37284K, capacity 37815K, committed 38192K, reserved 1083392K
  class space    used 4672K, capacity 4837K, committed 4912K, reserved 1048576K
}
Event: 11.844 GC heap before
{Heap before GC invocations=10 (full 2):
 PSYoungGen      total 82432K, used 75168K [0x00000000d5700000, 0x00000000dcb80000, 0x0000000100000000)
  eden space 66560K, 100% used [0x00000000d5700000,0x00000000d9800000,0x00000000d9800000)
  from space 15872K, 54% used [0x00000000d9800000,0x00000000da0680d0,0x00000000da780000)
  to   space 15360K, 0% used [0x00000000dbc80000,0x00000000dbc80000,0x00000000dcb80000)
 ParOldGen       total 121856K, used 25625K [0x0000000080400000, 0x0000000087b00000, 0x00000000d5700000)
  object space 121856K, 21% used [0x0000000080400000,0x0000000081d06408,0x0000000087b00000)
 Metaspace       used 39912K, capacity 40461K, committed 40752K, reserved 1085440K
  class space    used 4928K, capacity 5102K, committed 5168K, reserved 1048576K
Event: 11.912 GC heap after
Heap after GC invocations=10 (full 2):
 PSYoungGen      total 81920K, used 15348K [0x00000000d5700000, 0x00000000dcb80000, 0x0000000100000000)
  eden space 66560K, 0% used [0x00000000d5700000,0x00000000d5700000,0x00000000d9800000)
  from space 15360K, 99% used [0x00000000dbc80000,0x00000000dcb7d200,0x00000000dcb80000)
  to   space 15872K, 0% used [0x00000000d9800000,0x00000000d9800000,0x00000000da780000)
 ParOldGen       total 121856K, used 61821K [0x0000000080400000, 0x0000000087b00000, 0x00000000d5700000)
  object space 121856K, 50% used [0x0000000080400000,0x000000008405f608,0x0000000087b00000)
 Metaspace       used 39912K, capacity 40461K, committed 40752K, reserved 1085440K
  class space    used 4928K, capacity 5102K, committed 5168K, reserved 1048576K
}
Event: 15.773 GC heap before
{Heap before GC invocations=11 (full 2):
 PSYoungGen      total 81920K, used 81908K [0x00000000d5700000, 0x00000000dcb80000, 0x0000000100000000)
  eden space 66560K, 100% used [0x00000000d5700000,0x00000000d9800000,0x00000000d9800000)
  from space 15360K, 99% used [0x00000000dbc80000,0x00000000dcb7d200,0x00000000dcb80000)
  to   space 15872K, 0% used [0x00000000d9800000,0x00000000d9800000,0x00000000da780000)
 ParOldGen       total 121856K, used 61821K [0x0000000080400000, 0x0000000087b00000, 0x00000000d5700000)
  object space 121856K, 50% used [0x0000000080400000,0x000000008405f608,0x0000000087b00000)
 Metaspace       used 45631K, capacity 46311K, committed 46640K, reserved 1089536K
  class space    used 5647K, capacity 5855K, committed 5936K, reserved 1048576K
Event: 15.815 GC heap after
Heap after GC invocations=11 (full 2):
 PSYoungGen      total 82432K, used 15854K [0x00000000d5700000, 0x00000000dcb80000, 0x0000000100000000)
  eden space 66560K, 0% used [0x00000000d5700000,0x00000000d5700000,0x00000000d9800000)
  from space 15872K, 99% used [0x00000000d9800000,0x00000000da77bba0,0x00000000da780000)
  to   space 15360K, 0% used [0x00000000dbc80000,0x00000000dbc80000,0x00000000dcb80000)
 ParOldGen       total 121856K, used 76185K [0x0000000080400000, 0x0000000087b00000, 0x00000000d5700000)
  object space 121856K, 62% used [0x0000000080400000,0x0000000084e66570,0x0000000087b00000)
 Metaspace       used 45631K, capacity 46311K, committed 46640K, reserved 1089536K
  class space    used 5647K, capacity 5855K, committed 5936K, reserved 1048576K
}
Event: 17.384 GC heap before
{Heap before GC invocations=12 (full 2):
 PSYoungGen      total 82432K, used 82414K [0x00000000d5700000, 0x00000000dcb80000, 0x0000000100000000)
  eden space 66560K, 100% used [0x00000000d5700000,0x00000000d9800000,0x00000000d9800000)
  from space 15872K, 99% used [0x00000000d9800000,0x00000000da77bba0,0x00000000da780000)
  to   space 15360K, 0% used [0x00000000dbc80000,0x00000000dbc80000,0x00000000dcb80000)
 ParOldGen       total 121856K, used 76185K [0x0000000080400000, 0x0000000087b00000, 0x00000000d5700000)
  object space 121856K, 62% used [0x0000000080400000,0x0000000084e66570,0x0000000087b00000)
 Metaspace       used 45801K, capacity 46567K, committed 46896K, reserved 1089536K
  class space    used 5652K, capacity 5855K, committed 5936K, reserved 1048576K
Event: 17.469 GC heap after
Heap after GC invocations=12 (full 2):
 PSYoungGen      total 81920K, used 15329K [0x00000000d5700000, 0x00000000dcb80000, 0x0000000100000000)
  eden space 66560K, 0% used [0x00000000d5700000,0x00000000d5700000,0x00000000d9800000)
  from space 15360K, 99% used [0x00000000dbc80000,0x00000000dcb785d0,0x00000000dcb80000)
  to   space 15872K, 0% used [0x00000000d9800000,0x00000000d9800000,0x00000000da780000)
 ParOldGen       total 121856K, used 98027K [0x0000000080400000, 0x0000000087b00000, 0x00000000d5700000)
  object space 121856K, 80% used [0x0000000080400000,0x00000000863badf0,0x0000000087b00000)
 Metaspace       used 45801K, capacity 46567K, committed 46896K, reserved 1089536K
  class space    used 5652K, capacity 5855K, committed 5936K, reserved 1048576K
}
Event: 17.469 GC heap before
{Heap before GC invocations=13 (full 3):
 PSYoungGen      total 81920K, used 15329K [0x00000000d5700000, 0x00000000dcb80000, 0x0000000100000000)
  eden space 66560K, 0% used [0x00000000d5700000,0x00000000d5700000,0x00000000d9800000)
  from space 15360K, 99% used [0x00000000dbc80000,0x00000000dcb785d0,0x00000000dcb80000)
  to   space 15872K, 0% used [0x00000000d9800000,0x00000000d9800000,0x00000000da780000)
 ParOldGen       total 121856K, used 98027K [0x0000000080400000, 0x0000000087b00000, 0x00000000d5700000)
  object space 121856K, 80% used [0x0000000080400000,0x00000000863badf0,0x0000000087b00000)
 Metaspace       used 45801K, capacity 46567K, committed 46896K, reserved 1089536K
  class space    used 5652K, capacity 5855K, committed 5936K, reserved 1048576K
Event: 17.895 GC heap after
Heap after GC invocations=13 (full 3):
 PSYoungGen      total 81920K, used 0K [0x00000000d5700000, 0x00000000dcb80000, 0x0000000100000000)
  eden space 66560K, 0% used [0x00000000d5700000,0x00000000d5700000,0x00000000d9800000)
  from space 15360K, 0% used [0x00000000dbc80000,0x00000000dbc80000,0x00000000dcb80000)
  to   space 15872K, 0% used [0x00000000d9800000,0x00000000d9800000,0x00000000da780000)
 ParOldGen       total 121856K, used 100213K [0x0000000080400000, 0x0000000087b00000, 0x00000000d5700000)
  object space 121856K, 82% used [0x0000000080400000,0x00000000865dd408,0x0000000087b00000)
 Metaspace       used 45801K, capacity 46567K, committed 46896K, reserved 1089536K
  class space    used 5652K, capacity 5855K, committed 5936K, reserved 1048576K
}

