# JRE version: OpenJDK Runtime Environment (8.0_212-b04) (build 1.8.0_212-release-1586-b04)
# Java VM: OpenJDK 64-Bit Server VM (25.212-b04 mixed mode windows-amd64 compressed oops)
Heap:
 PSYoungGen      total 339968K, used 55157K [0x00000000e0000000, 0x00000000f6c00000, 0x0000000100000000)
  eden space 307200K, 10% used [0x00000000e0000000,0x00000000e1ef2d30,0x00000000f2c00000)
  from space 32768K, 71% used [0x00000000f2c00000,0x00000000f42ea900,0x00000000f4c00000)
  to   space 29184K, 0% used [0x00000000f4f80000,0x00000000f4f80000,0x00000000f6c00000)
 ParOldGen       total 148480K, used 61381K [0x00000000a0000000, 0x00000000a9100000, 0x00000000e0000000)
  object space 148480K, 41% used [0x00000000a0000000,0x00000000a3bf1740,0x00000000a9100000)
 Metaspace       used 106392K, capacity 111188K, committed 111488K, reserved 1146880K
  class space    used 13636K, capacity 14584K, committed 14720K, reserved 1048576K
GC Heap History (10 events):
Event: 10884.213 GC heap before
{Heap before GC invocations=41 (full 4):
 PSYoungGen      total 279552K, used 257781K [0x00000000e0000000, 0x00000000f3080000, 0x0000000100000000)
  eden space 253440K, 100% used [0x00000000e0000000,0x00000000ef780000,0x00000000ef780000)
  from space 26112K, 16% used [0x00000000f1700000,0x00000000f1b3d498,0x00000000f3080000)
  to   space 29184K, 0% used [0x00000000ef780000,0x00000000ef780000,0x00000000f1400000)
 ParOldGen       total 148480K, used 53845K [0x00000000a0000000, 0x00000000a9100000, 0x00000000e0000000)
  object space 148480K, 36% used [0x00000000a0000000,0x00000000a3495760,0x00000000a9100000)
 Metaspace       used 92517K, capacity 95492K, committed 97792K, reserved 1134592K
  class space    used 11755K, capacity 12366K, committed 12800K, reserved 1048576K
Event: 10884.242 GC heap after
Heap after GC invocations=41 (full 4):
 PSYoungGen      total 282624K, used 9177K [0x00000000e0000000, 0x00000000f4e00000, 0x0000000100000000)
  eden space 253440K, 0% used [0x00000000e0000000,0x00000000e0000000,0x00000000ef780000)
  from space 29184K, 31% used [0x00000000ef780000,0x00000000f0076538,0x00000000f1400000)
  to   space 27648K, 0% used [0x00000000f3300000,0x00000000f3300000,0x00000000f4e00000)
 ParOldGen       total 148480K, used 57171K [0x00000000a0000000, 0x00000000a9100000, 0x00000000e0000000)
  object space 148480K, 38% used [0x00000000a0000000,0x00000000a37d4d00,0x00000000a9100000)
 Metaspace       used 92517K, capacity 95492K, committed 97792K, reserved 1134592K
  class space    used 11755K, capacity 12366K, committed 12800K, reserved 1048576K
}
Event: 10906.050 GC heap before
{Heap before GC invocations=42 (full 4):
 PSYoungGen      total 282624K, used 262617K [0x00000000e0000000, 0x00000000f4e00000, 0x0000000100000000)
  eden space 253440K, 100% used [0x00000000e0000000,0x00000000ef780000,0x00000000ef780000)
  from space 29184K, 31% used [0x00000000ef780000,0x00000000f0076538,0x00000000f1400000)
  to   space 27648K, 0% used [0x00000000f3300000,0x00000000f3300000,0x00000000f4e00000)
 ParOldGen       total 148480K, used 57171K [0x00000000a0000000, 0x00000000a9100000, 0x00000000e0000000)
  object space 148480K, 38% used [0x00000000a0000000,0x00000000a37d4d00,0x00000000a9100000)
 Metaspace       used 101696K, capacity 105704K, committed 106496K, reserved 1142784K
  class space    used 13136K, capacity 13982K, committed 14080K, reserved 1048576K
Event: 10906.090 GC heap after
Heap after GC invocations=42 (full 4):
 PSYoungGen      total 310272K, used 20267K [0x00000000e0000000, 0x00000000f4d80000, 0x0000000100000000)
  eden space 283136K, 0% used [0x00000000e0000000,0x00000000e0000000,0x00000000f1480000)
  from space 27136K, 74% used [0x00000000f3300000,0x00000000f46cac10,0x00000000f4d80000)
  to   space 29184K, 0% used [0x00000000f1480000,0x00000000f1480000,0x00000000f3100000)
 ParOldGen       total 148480K, used 61357K [0x00000000a0000000, 0x00000000a9100000, 0x00000000e0000000)
  object space 148480K, 41% used [0x00000000a0000000,0x00000000a3beb740,0x00000000a9100000)
 Metaspace       used 101696K, capacity 105704K, committed 106496K, reserved 1142784K
  class space    used 13136K, capacity 13982K, committed 14080K, reserved 1048576K
}
Event: 10989.367 GC heap before
{Heap before GC invocations=43 (full 4):
 PSYoungGen      total 310272K, used 303403K [0x00000000e0000000, 0x00000000f4d80000, 0x0000000100000000)
  eden space 283136K, 100% used [0x00000000e0000000,0x00000000f1480000,0x00000000f1480000)
  from space 27136K, 74% used [0x00000000f3300000,0x00000000f46cac10,0x00000000f4d80000)
  to   space 29184K, 0% used [0x00000000f1480000,0x00000000f1480000,0x00000000f3100000)
 ParOldGen       total 148480K, used 61357K [0x00000000a0000000, 0x00000000a9100000, 0x00000000e0000000)
  object space 148480K, 41% used [0x00000000a0000000,0x00000000a3beb740,0x00000000a9100000)
 Metaspace       used 104812K, capacity 109238K, committed 109696K, reserved 1144832K
  class space    used 13453K, capacity 14349K, committed 14464K, reserved 1048576K
Event: 10989.419 GC heap after
Heap after GC invocations=43 (full 4):
 PSYoungGen      total 312320K, used 23319K [0x00000000e0000000, 0x00000000f6e80000, 0x0000000100000000)
  eden space 283136K, 0% used [0x00000000e0000000,0x00000000e0000000,0x00000000f1480000)
  from space 29184K, 79% used [0x00000000f1480000,0x00000000f2b45e10,0x00000000f3100000)
  to   space 31744K, 0% used [0x00000000f4f80000,0x00000000f4f80000,0x00000000f6e80000)
 ParOldGen       total 148480K, used 61365K [0x00000000a0000000, 0x00000000a9100000, 0x00000000e0000000)
  object space 148480K, 41% used [0x00000000a0000000,0x00000000a3bed740,0x00000000a9100000)
 Metaspace       used 104812K, capacity 109238K, committed 109696K, reserved 1144832K
  class space    used 13453K, capacity 14349K, committed 14464K, reserved 1048576K
}
Event: 11137.712 GC heap before
{Heap before GC invocations=44 (full 4):
 PSYoungGen      total 312320K, used 306455K [0x00000000e0000000, 0x00000000f6e80000, 0x0000000100000000)
  eden space 283136K, 100% used [0x00000000e0000000,0x00000000f1480000,0x00000000f1480000)
  from space 29184K, 79% used [0x00000000f1480000,0x00000000f2b45e10,0x00000000f3100000)
  to   space 31744K, 0% used [0x00000000f4f80000,0x00000000f4f80000,0x00000000f6e80000)
 ParOldGen       total 148480K, used 61365K [0x00000000a0000000, 0x00000000a9100000, 0x00000000e0000000)
  object space 148480K, 41% used [0x00000000a0000000,0x00000000a3bed740,0x00000000a9100000)
 Metaspace       used 105221K, capacity 109828K, committed 110080K, reserved 1144832K
  class space    used 13490K, capacity 14414K, committed 14592K, reserved 1048576K
Event: 11137.743 GC heap after
Heap after GC invocations=44 (full 4):
 PSYoungGen      total 336384K, used 20876K [0x00000000e0000000, 0x00000000f6c00000, 0x0000000100000000)
  eden space 307200K, 0% used [0x00000000e0000000,0x00000000e0000000,0x00000000f2c00000)
  from space 29184K, 71% used [0x00000000f4f80000,0x00000000f63e3338,0x00000000f6c00000)
  to   space 32768K, 0% used [0x00000000f2c00000,0x00000000f2c00000,0x00000000f4c00000)
 ParOldGen       total 148480K, used 61373K [0x00000000a0000000, 0x00000000a9100000, 0x00000000e0000000)
  object space 148480K, 41% used [0x00000000a0000000,0x00000000a3bef740,0x00000000a9100000)
 Metaspace       used 105221K, capacity 109828K, committed 110080K, reserved 1144832K
  class space    used 13490K, capacity 14414K, committed 14592K, reserved 1048576K
}
Event: 11773.738 GC heap before
{Heap before GC invocations=45 (full 4):
 PSYoungGen      total 336384K, used 328076K [0x00000000e0000000, 0x00000000f6c00000, 0x0000000100000000)
  eden space 307200K, 100% used [0x00000000e0000000,0x00000000f2c00000,0x00000000f2c00000)
  from space 29184K, 71% used [0x00000000f4f80000,0x00000000f63e3338,0x00000000f6c00000)
  to   space 32768K, 0% used [0x00000000f2c00000,0x00000000f2c00000,0x00000000f4c00000)
 ParOldGen       total 148480K, used 61373K [0x00000000a0000000, 0x00000000a9100000, 0x00000000e0000000)
  object space 148480K, 41% used [0x00000000a0000000,0x00000000a3bef740,0x00000000a9100000)
 Metaspace       used 106372K, capacity 111188K, committed 111488K, reserved 1146880K
  class space    used 13634K, capacity 14584K, committed 14720K, reserved 1048576K
Event: 11773.772 GC heap after
Heap after GC invocations=45 (full 4):
 PSYoungGen      total 339968K, used 23466K [0x00000000e0000000, 0x00000000f6c00000, 0x0000000100000000)
  eden space 307200K, 0% used [0x00000000e0000000,0x00000000e0000000,0x00000000f2c00000)
  from space 32768K, 71% used [0x00000000f2c00000,0x00000000f42ea900,0x00000000f4c00000)
  to   space 29184K, 0% used [0x00000000f4f80000,0x00000000f4f80000,0x00000000f6c00000)
 ParOldGen       total 148480K, used 61381K [0x00000000a0000000, 0x00000000a9100000, 0x00000000e0000000)
  object space 148480K, 41% used [0x00000000a0000000,0x00000000a3bf1740,0x00000000a9100000)
 Metaspace       used 106372K, capacity 111188K, committed 111488K, reserved 1146880K
  class space    used 13634K, capacity 14584K, committed 14720K, reserved 1048576K
}

