# JRE version: OpenJDK Runtime Environment (8.0_212-b04) (build 1.8.0_212-release-1586-b04)
# Java VM: OpenJDK 64-Bit Server VM (25.212-b04 mixed mode windows-amd64 compressed oops)
Heap:
 PSYoungGen      total 28672K, used 28568K [0x00000000e0180000, 0x00000000e2180000, 0x0000000100000000)
  eden space 24576K, 99% used [0x00000000e0180000,0x00000000e196d000,0x00000000e1980000)
  from space 4096K, 99% used [0x00000000e1d80000,0x00000000e2179158,0x00000000e2180000)
  to   space 4096K, 0% used [0x00000000e1980000,0x00000000e1980000,0x00000000e1d80000)
 ParOldGen       total 65536K, used 5211K [0x00000000a0400000, 0x00000000a4400000, 0x00000000e0180000)
  object space 65536K, 7% used [0x00000000a0400000,0x00000000a0916cd8,0x00000000a4400000)
 Metaspace       used 18063K, capacity 18440K, committed 18688K, reserved 1064960K
  class space    used 2128K, capacity 2256K, committed 2304K, reserved 1048576K
GC Heap History (4 events):
Event: 0.951 GC heap before
{Heap before GC invocations=1 (full 0):
 PSYoungGen      total 28672K, used 24576K [0x00000000e0180000, 0x00000000e2180000, 0x0000000100000000)
  eden space 24576K, 100% used [0x00000000e0180000,0x00000000e1980000,0x00000000e1980000)
  from space 4096K, 0% used [0x00000000e1d80000,0x00000000e1d80000,0x00000000e2180000)
  to   space 4096K, 0% used [0x00000000e1980000,0x00000000e1980000,0x00000000e1d80000)
 ParOldGen       total 65536K, used 0K [0x00000000a0400000, 0x00000000a4400000, 0x00000000e0180000)
  object space 65536K, 0% used [0x00000000a0400000,0x00000000a0400000,0x00000000a4400000)
 Metaspace       used 8686K, capacity 9004K, committed 9216K, reserved 1056768K
  class space    used 938K, capacity 988K, committed 1024K, reserved 1048576K
Event: 0.957 GC heap after
Heap after GC invocations=1 (full 0):
 PSYoungGen      total 28672K, used 4078K [0x00000000e0180000, 0x00000000e2180000, 0x0000000100000000)
  eden space 24576K, 0% used [0x00000000e0180000,0x00000000e0180000,0x00000000e1980000)
  from space 4096K, 99% used [0x00000000e1980000,0x00000000e1d7bbb8,0x00000000e1d80000)
  to   space 4096K, 0% used [0x00000000e1d80000,0x00000000e1d80000,0x00000000e2180000)
 ParOldGen       total 65536K, used 1862K [0x00000000a0400000, 0x00000000a4400000, 0x00000000e0180000)
  object space 65536K, 2% used [0x00000000a0400000,0x00000000a05d1998,0x00000000a4400000)
 Metaspace       used 8686K, capacity 9004K, committed 9216K, reserved 1056768K
  class space    used 938K, capacity 988K, committed 1024K, reserved 1048576K
}
Event: 1.524 GC heap before
{Heap before GC invocations=2 (full 0):
 PSYoungGen      total 28672K, used 28654K [0x00000000e0180000, 0x00000000e2180000, 0x0000000100000000)
  eden space 24576K, 100% used [0x00000000e0180000,0x00000000e1980000,0x00000000e1980000)
  from space 4096K, 99% used [0x00000000e1980000,0x00000000e1d7bbb8,0x00000000e1d80000)
  to   space 4096K, 0% used [0x00000000e1d80000,0x00000000e1d80000,0x00000000e2180000)
 ParOldGen       total 65536K, used 1862K [0x00000000a0400000, 0x00000000a4400000, 0x00000000e0180000)
  object space 65536K, 2% used [0x00000000a0400000,0x00000000a05d1998,0x00000000a4400000)
 Metaspace       used 12113K, capacity 12350K, committed 12544K, reserved 1060864K
  class space    used 1360K, capacity 1461K, committed 1536K, reserved 1048576K
Event: 1.533 GC heap after
Heap after GC invocations=2 (full 0):
 PSYoungGen      total 28672K, used 4068K [0x00000000e0180000, 0x00000000e2180000, 0x0000000100000000)
  eden space 24576K, 0% used [0x00000000e0180000,0x00000000e0180000,0x00000000e1980000)
  from space 4096K, 99% used [0x00000000e1d80000,0x00000000e2179158,0x00000000e2180000)
  to   space 4096K, 0% used [0x00000000e1980000,0x00000000e1980000,0x00000000e1d80000)
 ParOldGen       total 65536K, used 5211K [0x00000000a0400000, 0x00000000a4400000, 0x00000000e0180000)
  object space 65536K, 7% used [0x00000000a0400000,0x00000000a0916cd8,0x00000000a4400000)
 Metaspace       used 12113K, capacity 12350K, committed 12544K, reserved 1060864K
  class space    used 1360K, capacity 1461K, committed 1536K, reserved 1048576K
}

