# JRE version: OpenJDK Runtime Environment (8.0_242-b01) (build 1.8.0_242-release-1644-b01)
# Java VM: OpenJDK 64-Bit Server VM (25.242-b01 mixed mode windows-amd64 compressed oops)
Heap:
 PSYoungGen      total 78336K, used 12355K [0x00000000d5700000, 0x00000000dc580000, 0x0000000100000000)
  eden space 61952K, 19% used [0x00000000d5700000,0x00000000d6310ed8,0x00000000d9380000)
  from space 16384K, 0% used [0x00000000da300000,0x00000000da300000,0x00000000db300000)
  to   space 15872K, 0% used [0x00000000d9380000,0x00000000d9380000,0x00000000da300000)
 ParOldGen       total 126976K, used 25618K [0x0000000080400000, 0x0000000088000000, 0x00000000d5700000)
  object space 126976K, 20% used [0x0000000080400000,0x0000000081d048b8,0x0000000088000000)
 Metaspace       used 36770K, capacity 37335K, committed 37680K, reserved 1081344K
  class space    used 4643K, capacity 4805K, committed 4912K, reserved 1048576K
GC Heap History (10 events):
Event: 2.238 GC heap before
{Heap before GC invocations=4 (full 1):
 PSYoungGen      total 38400K, used 5114K [0x00000000d5700000, 0x00000000da200000, 0x0000000100000000)
  eden space 33280K, 0% used [0x00000000d5700000,0x00000000d5700000,0x00000000d7780000)
  from space 5120K, 99% used [0x00000000d7780000,0x00000000d7c7ea00,0x00000000d7c80000)
  to   space 5120K, 0% used [0x00000000d9d00000,0x00000000d9d00000,0x00000000da200000)
 ParOldGen       total 87552K, used 11955K [0x0000000080400000, 0x0000000085980000, 0x00000000d5700000)
  object space 87552K, 13% used [0x0000000080400000,0x0000000080face58,0x0000000085980000)
 Metaspace       used 20777K, capacity 21168K, committed 21296K, reserved 1069056K
  class space    used 2468K, capacity 2590K, committed 2608K, reserved 1048576K
Event: 2.288 GC heap after
Heap after GC invocations=4 (full 1):
 PSYoungGen      total 38400K, used 0K [0x00000000d5700000, 0x00000000da200000, 0x0000000100000000)
  eden space 33280K, 0% used [0x00000000d5700000,0x00000000d5700000,0x00000000d7780000)
  from space 5120K, 0% used [0x00000000d7780000,0x00000000d7780000,0x00000000d7c80000)
  to   space 5120K, 0% used [0x00000000d9d00000,0x00000000d9d00000,0x00000000da200000)
 ParOldGen       total 68096K, used 9019K [0x0000000080400000, 0x0000000084680000, 0x00000000d5700000)
  object space 68096K, 13% used [0x0000000080400000,0x0000000080cceea0,0x0000000084680000)
 Metaspace       used 20777K, capacity 21168K, committed 21296K, reserved 1069056K
  class space    used 2468K, capacity 2590K, committed 2608K, reserved 1048576K
}
Event: 4.434 GC heap before
{Heap before GC invocations=5 (full 1):
 PSYoungGen      total 38400K, used 33280K [0x00000000d5700000, 0x00000000da200000, 0x0000000100000000)
  eden space 33280K, 100% used [0x00000000d5700000,0x00000000d7780000,0x00000000d7780000)
  from space 5120K, 0% used [0x00000000d7780000,0x00000000d7780000,0x00000000d7c80000)
  to   space 5120K, 0% used [0x00000000d9d00000,0x00000000d9d00000,0x00000000da200000)
 ParOldGen       total 68096K, used 9019K [0x0000000080400000, 0x0000000084680000, 0x00000000d5700000)
  object space 68096K, 13% used [0x0000000080400000,0x0000000080cceea0,0x0000000084680000)
 Metaspace       used 23180K, capacity 23586K, committed 23984K, reserved 1071104K
  class space    used 2770K, capacity 2881K, committed 2992K, reserved 1048576K
Event: 4.442 GC heap after
Heap after GC invocations=5 (full 1):
 PSYoungGen      total 50176K, used 5118K [0x00000000d5700000, 0x00000000da200000, 0x0000000100000000)
  eden space 45056K, 0% used [0x00000000d5700000,0x00000000d5700000,0x00000000d8300000)
  from space 5120K, 99% used [0x00000000d9d00000,0x00000000da1ffbe8,0x00000000da200000)
  to   space 5120K, 0% used [0x00000000d9800000,0x00000000d9800000,0x00000000d9d00000)
 ParOldGen       total 68096K, used 11007K [0x0000000080400000, 0x0000000084680000, 0x00000000d5700000)
  object space 68096K, 16% used [0x0000000080400000,0x0000000080ebfdc0,0x0000000084680000)
 Metaspace       used 23180K, capacity 23586K, committed 23984K, reserved 1071104K
  class space    used 2770K, capacity 2881K, committed 2992K, reserved 1048576K
}
Event: 5.427 GC heap before
{Heap before GC invocations=6 (full 1):
 PSYoungGen      total 50176K, used 50174K [0x00000000d5700000, 0x00000000da200000, 0x0000000100000000)
  eden space 45056K, 100% used [0x00000000d5700000,0x00000000d8300000,0x00000000d8300000)
  from space 5120K, 99% used [0x00000000d9d00000,0x00000000da1ffbe8,0x00000000da200000)
  to   space 5120K, 0% used [0x00000000d9800000,0x00000000d9800000,0x00000000d9d00000)
 ParOldGen       total 68096K, used 11007K [0x0000000080400000, 0x0000000084680000, 0x00000000d5700000)
  object space 68096K, 16% used [0x0000000080400000,0x0000000080ebfdc0,0x0000000084680000)
 Metaspace       used 30991K, capacity 31465K, committed 31792K, reserved 1077248K
  class space    used 3934K, capacity 4105K, committed 4144K, reserved 1048576K
Event: 5.440 GC heap after
Heap after GC invocations=6 (full 1):
 PSYoungGen      total 66560K, used 5090K [0x00000000d5700000, 0x00000000db300000, 0x0000000100000000)
  eden space 61440K, 0% used [0x00000000d5700000,0x00000000d5700000,0x00000000d9300000)
  from space 5120K, 99% used [0x00000000d9800000,0x00000000d9cf8918,0x00000000d9d00000)
  to   space 16384K, 0% used [0x00000000da300000,0x00000000da300000,0x00000000db300000)
 ParOldGen       total 68096K, used 23418K [0x0000000080400000, 0x0000000084680000, 0x00000000d5700000)
  object space 68096K, 34% used [0x0000000080400000,0x0000000081adeb48,0x0000000084680000)
 Metaspace       used 30991K, capacity 31465K, committed 31792K, reserved 1077248K
  class space    used 3934K, capacity 4105K, committed 4144K, reserved 1048576K
}
Event: 7.423 GC heap before
{Heap before GC invocations=7 (full 1):
 PSYoungGen      total 66560K, used 22084K [0x00000000d5700000, 0x00000000db300000, 0x0000000100000000)
  eden space 61440K, 27% used [0x00000000d5700000,0x00000000d6798710,0x00000000d9300000)
  from space 5120K, 99% used [0x00000000d9800000,0x00000000d9cf8918,0x00000000d9d00000)
  to   space 16384K, 0% used [0x00000000da300000,0x00000000da300000,0x00000000db300000)
 ParOldGen       total 68096K, used 23418K [0x0000000080400000, 0x0000000084680000, 0x00000000d5700000)
  object space 68096K, 34% used [0x0000000080400000,0x0000000081adeb48,0x0000000084680000)
 Metaspace       used 34652K, capacity 35191K, committed 35496K, reserved 1081344K
  class space    used 4402K, capacity 4581K, committed 4656K, reserved 1048576K
Event: 7.434 GC heap after
Heap after GC invocations=7 (full 1):
 PSYoungGen      total 78336K, used 9010K [0x00000000d5700000, 0x00000000dc580000, 0x0000000100000000)
  eden space 61952K, 0% used [0x00000000d5700000,0x00000000d5700000,0x00000000d9380000)
  from space 16384K, 54% used [0x00000000da300000,0x00000000dabccbd0,0x00000000db300000)
  to   space 15872K, 0% used [0x00000000d9380000,0x00000000d9380000,0x00000000da300000)
 ParOldGen       total 68096K, used 23426K [0x0000000080400000, 0x0000000084680000, 0x00000000d5700000)
  object space 68096K, 34% used [0x0000000080400000,0x0000000081ae0b48,0x0000000084680000)
 Metaspace       used 34652K, capacity 35191K, committed 35496K, reserved 1081344K
  class space    used 4402K, capacity 4581K, committed 4656K, reserved 1048576K
}
Event: 7.434 GC heap before
{Heap before GC invocations=8 (full 2):
 PSYoungGen      total 78336K, used 9010K [0x00000000d5700000, 0x00000000dc580000, 0x0000000100000000)
  eden space 61952K, 0% used [0x00000000d5700000,0x00000000d5700000,0x00000000d9380000)
  from space 16384K, 54% used [0x00000000da300000,0x00000000dabccbd0,0x00000000db300000)
  to   space 15872K, 0% used [0x00000000d9380000,0x00000000d9380000,0x00000000da300000)
 ParOldGen       total 68096K, used 23426K [0x0000000080400000, 0x0000000084680000, 0x00000000d5700000)
  object space 68096K, 34% used [0x0000000080400000,0x0000000081ae0b48,0x0000000084680000)
 Metaspace       used 34652K, capacity 35191K, committed 35496K, reserved 1081344K
  class space    used 4402K, capacity 4581K, committed 4656K, reserved 1048576K
Event: 7.533 GC heap after
Heap after GC invocations=8 (full 2):
 PSYoungGen      total 78336K, used 0K [0x00000000d5700000, 0x00000000dc580000, 0x0000000100000000)
  eden space 61952K, 0% used [0x00000000d5700000,0x00000000d5700000,0x00000000d9380000)
  from space 16384K, 0% used [0x00000000da300000,0x00000000da300000,0x00000000db300000)
  to   space 15872K, 0% used [0x00000000d9380000,0x00000000d9380000,0x00000000da300000)
 ParOldGen       total 126976K, used 25618K [0x0000000080400000, 0x0000000088000000, 0x00000000d5700000)
  object space 126976K, 20% used [0x0000000080400000,0x0000000081d048b8,0x0000000088000000)
 Metaspace       used 34652K, capacity 35191K, committed 35496K, reserved 1081344K
  class space    used 4402K, capacity 4581K, committed 4656K, reserved 1048576K
}

