# JRE version: OpenJDK Runtime Environment (8.0_212-b04) (build 1.8.0_212-release-1586-b04)
# Java VM: OpenJDK 64-Bit Server VM (25.212-b04 mixed mode windows-amd64 compressed oops)
Heap:
 PSYoungGen      total 28672K, used 23279K [0x00000000e0180000, 0x00000000e2180000, 0x0000000100000000)
  eden space 24576K, 78% used [0x00000000e0180000,0x00000000e143ffe8,0x00000000e1980000)
  from space 4096K, 99% used [0x00000000e1d80000,0x00000000e217bec0,0x00000000e2180000)
  to   space 4096K, 99% used [0x00000000e1980000,0x00000000e1d79158,0x00000000e1d80000)
 ParOldGen       total 65536K, used 7627K [0x00000000a0400000, 0x00000000a4400000, 0x00000000e0180000)
  object space 65536K, 11% used [0x00000000a0400000,0x00000000a0ba30d8,0x00000000a4400000)
 Metaspace       used 16183K, capacity 16524K, committed 16640K, reserved 1071104K
  class space    used 1912K, capacity 2024K, committed 2048K, reserved 1048576K
GC Heap History (4 events):
Event: 0.995 GC heap before
{Heap before GC invocations=1 (full 0):
 PSYoungGen      total 28672K, used 24576K [0x00000000e0180000, 0x00000000e2180000, 0x0000000100000000)
  eden space 24576K, 100% used [0x00000000e0180000,0x00000000e1980000,0x00000000e1980000)
  from space 4096K, 0% used [0x00000000e1d80000,0x00000000e1d80000,0x00000000e2180000)
  to   space 4096K, 0% used [0x00000000e1980000,0x00000000e1980000,0x00000000e1d80000)
 ParOldGen       total 65536K, used 0K [0x00000000a0400000, 0x00000000a4400000, 0x00000000e0180000)
  object space 65536K, 0% used [0x00000000a0400000,0x00000000a0400000,0x00000000a4400000)
 Metaspace       used 8678K, capacity 9004K, committed 9216K, reserved 1056768K
  class space    used 938K, capacity 988K, committed 1024K, reserved 1048576K
Event: 1.002 GC heap after
Heap after GC invocations=1 (full 0):
 PSYoungGen      total 28672K, used 4067K [0x00000000e0180000, 0x00000000e2180000, 0x0000000100000000)
  eden space 24576K, 0% used [0x00000000e0180000,0x00000000e0180000,0x00000000e1980000)
  from space 4096K, 99% used [0x00000000e1980000,0x00000000e1d78f90,0x00000000e1d80000)
  to   space 4096K, 0% used [0x00000000e1d80000,0x00000000e1d80000,0x00000000e2180000)
 ParOldGen       total 65536K, used 1862K [0x00000000a0400000, 0x00000000a4400000, 0x00000000e0180000)
  object space 65536K, 2% used [0x00000000a0400000,0x00000000a05d1998,0x00000000a4400000)
 Metaspace       used 8678K, capacity 9004K, committed 9216K, reserved 1056768K
  class space    used 938K, capacity 988K, committed 1024K, reserved 1048576K
}
Event: 1.508 GC heap before
{Heap before GC invocations=2 (full 0):
 PSYoungGen      total 28672K, used 28643K [0x00000000e0180000, 0x00000000e2180000, 0x0000000100000000)
  eden space 24576K, 100% used [0x00000000e0180000,0x00000000e1980000,0x00000000e1980000)
  from space 4096K, 99% used [0x00000000e1980000,0x00000000e1d78f90,0x00000000e1d80000)
  to   space 4096K, 0% used [0x00000000e1d80000,0x00000000e1d80000,0x00000000e2180000)
 ParOldGen       total 65536K, used 1862K [0x00000000a0400000, 0x00000000a4400000, 0x00000000e0180000)
  object space 65536K, 2% used [0x00000000a0400000,0x00000000a05d1998,0x00000000a4400000)
 Metaspace       used 12110K, capacity 12350K, committed 12544K, reserved 1060864K
  class space    used 1360K, capacity 1461K, committed 1536K, reserved 1048576K
Event: 1.517 GC heap after
Heap after GC invocations=2 (full 0):
 PSYoungGen      total 28672K, used 4079K [0x00000000e0180000, 0x00000000e2180000, 0x0000000100000000)
  eden space 24576K, 0% used [0x00000000e0180000,0x00000000e0180000,0x00000000e1980000)
  from space 4096K, 99% used [0x00000000e1d80000,0x00000000e217bec0,0x00000000e2180000)
  to   space 4096K, 0% used [0x00000000e1980000,0x00000000e1980000,0x00000000e1d80000)
 ParOldGen       total 65536K, used 5183K [0x00000000a0400000, 0x00000000a4400000, 0x00000000e0180000)
  object space 65536K, 7% used [0x00000000a0400000,0x00000000a090fe40,0x00000000a4400000)
 Metaspace       used 12110K, capacity 12350K, committed 12544K, reserved 1060864K
  class space    used 1360K, capacity 1461K, committed 1536K, reserved 1048576K
}

