# JRE version: OpenJDK Runtime Environment (8.0_242-b01) (build 1.8.0_242-release-1644-b01)
# Java VM: OpenJDK 64-Bit Server VM (25.242-b01 mixed mode windows-amd64 compressed oops)
Heap:
 PSYoungGen      total 86016K, used 48139K [0x00000000d5700000, 0x00000000dd280000, 0x0000000100000000)
  eden space 69120K, 69% used [0x00000000d5700000,0x00000000d8602de8,0x00000000d9a80000)
  from space 16896K, 0% used [0x00000000daa00000,0x00000000daa00000,0x00000000dba80000)
  to   space 15872K, 0% used [0x00000000d9a80000,0x00000000d9a80000,0x00000000daa00000)
 ParOldGen       total 122880K, used 27177K [0x0000000080400000, 0x0000000087c00000, 0x00000000d5700000)
  object space 122880K, 22% used [0x0000000080400000,0x0000000081e8a6f8,0x0000000087c00000)
 Metaspace       used 41614K, capacity 42281K, committed 42416K, reserved 1085440K
  class space    used 5308K, capacity 5522K, committed 5552K, reserved 1048576K
GC Heap History (10 events):
Event: 2.594 GC heap before
{Heap before GC invocations=4 (full 1):
 PSYoungGen      total 38400K, used 5111K [0x00000000d5700000, 0x00000000da200000, 0x0000000100000000)
  eden space 33280K, 0% used [0x00000000d5700000,0x00000000d5700000,0x00000000d7780000)
  from space 5120K, 99% used [0x00000000d7780000,0x00000000d7c7dd00,0x00000000d7c80000)
  to   space 5120K, 0% used [0x00000000d9d00000,0x00000000d9d00000,0x00000000da200000)
 ParOldGen       total 87552K, used 11793K [0x0000000080400000, 0x0000000085980000, 0x00000000d5700000)
  object space 87552K, 13% used [0x0000000080400000,0x0000000080f84708,0x0000000085980000)
 Metaspace       used 20774K, capacity 21164K, committed 21296K, reserved 1069056K
  class space    used 2462K, capacity 2590K, committed 2608K, reserved 1048576K
Event: 2.640 GC heap after
Heap after GC invocations=4 (full 1):
 PSYoungGen      total 38400K, used 0K [0x00000000d5700000, 0x00000000da200000, 0x0000000100000000)
  eden space 33280K, 0% used [0x00000000d5700000,0x00000000d5700000,0x00000000d7780000)
  from space 5120K, 0% used [0x00000000d7780000,0x00000000d7780000,0x00000000d7c80000)
  to   space 5120K, 0% used [0x00000000d9d00000,0x00000000d9d00000,0x00000000da200000)
 ParOldGen       total 66048K, used 8988K [0x0000000080400000, 0x0000000084480000, 0x00000000d5700000)
  object space 66048K, 13% used [0x0000000080400000,0x0000000080cc7160,0x0000000084480000)
 Metaspace       used 20774K, capacity 21164K, committed 21296K, reserved 1069056K
  class space    used 2462K, capacity 2590K, committed 2608K, reserved 1048576K
}
Event: 5.083 GC heap before
{Heap before GC invocations=5 (full 1):
 PSYoungGen      total 38400K, used 33280K [0x00000000d5700000, 0x00000000da200000, 0x0000000100000000)
  eden space 33280K, 100% used [0x00000000d5700000,0x00000000d7780000,0x00000000d7780000)
  from space 5120K, 0% used [0x00000000d7780000,0x00000000d7780000,0x00000000d7c80000)
  to   space 5120K, 0% used [0x00000000d9d00000,0x00000000d9d00000,0x00000000da200000)
 ParOldGen       total 66048K, used 8988K [0x0000000080400000, 0x0000000084480000, 0x00000000d5700000)
  object space 66048K, 13% used [0x0000000080400000,0x0000000080cc7160,0x0000000084480000)
 Metaspace       used 23378K, capacity 23878K, committed 23984K, reserved 1071104K
  class space    used 2799K, capacity 2955K, committed 2992K, reserved 1048576K
Event: 5.091 GC heap after
Heap after GC invocations=5 (full 1):
 PSYoungGen      total 52224K, used 5090K [0x00000000d5700000, 0x00000000da200000, 0x0000000100000000)
  eden space 47104K, 0% used [0x00000000d5700000,0x00000000d5700000,0x00000000d8500000)
  from space 5120K, 99% used [0x00000000d9d00000,0x00000000da1f8918,0x00000000da200000)
  to   space 5120K, 0% used [0x00000000d9800000,0x00000000d9800000,0x00000000d9d00000)
 ParOldGen       total 66048K, used 10999K [0x0000000080400000, 0x0000000084480000, 0x00000000d5700000)
  object space 66048K, 16% used [0x0000000080400000,0x0000000080ebdc08,0x0000000084480000)
 Metaspace       used 23378K, capacity 23878K, committed 23984K, reserved 1071104K
  class space    used 2799K, capacity 2955K, committed 2992K, reserved 1048576K
}
Event: 6.254 GC heap before
{Heap before GC invocations=6 (full 1):
 PSYoungGen      total 52224K, used 52194K [0x00000000d5700000, 0x00000000da200000, 0x0000000100000000)
  eden space 47104K, 100% used [0x00000000d5700000,0x00000000d8500000,0x00000000d8500000)
  from space 5120K, 99% used [0x00000000d9d00000,0x00000000da1f8918,0x00000000da200000)
  to   space 5120K, 0% used [0x00000000d9800000,0x00000000d9800000,0x00000000d9d00000)
 ParOldGen       total 66048K, used 10999K [0x0000000080400000, 0x0000000084480000, 0x00000000d5700000)
  object space 66048K, 16% used [0x0000000080400000,0x0000000080ebdc08,0x0000000084480000)
 Metaspace       used 31610K, capacity 32043K, committed 32432K, reserved 1077248K
  class space    used 4002K, capacity 4147K, committed 4272K, reserved 1048576K
Event: 6.277 GC heap after
Heap after GC invocations=6 (full 1):
 PSYoungGen      total 71680K, used 5090K [0x00000000d5700000, 0x00000000dba80000, 0x0000000100000000)
  eden space 66560K, 0% used [0x00000000d5700000,0x00000000d5700000,0x00000000d9800000)
  from space 5120K, 99% used [0x00000000d9800000,0x00000000d9cf8918,0x00000000d9d00000)
  to   space 16896K, 0% used [0x00000000daa00000,0x00000000daa00000,0x00000000dba80000)
 ParOldGen       total 66048K, used 23927K [0x0000000080400000, 0x0000000084480000, 0x00000000d5700000)
  object space 66048K, 36% used [0x0000000080400000,0x0000000081b5dc40,0x0000000084480000)
 Metaspace       used 31610K, capacity 32043K, committed 32432K, reserved 1077248K
  class space    used 4002K, capacity 4147K, committed 4272K, reserved 1048576K
}
Event: 8.238 GC heap before
{Heap before GC invocations=7 (full 1):
 PSYoungGen      total 71680K, used 22386K [0x00000000d5700000, 0x00000000dba80000, 0x0000000100000000)
  eden space 66560K, 25% used [0x00000000d5700000,0x00000000d67e41c8,0x00000000d9800000)
  from space 5120K, 99% used [0x00000000d9800000,0x00000000d9cf8918,0x00000000d9d00000)
  to   space 16896K, 0% used [0x00000000daa00000,0x00000000daa00000,0x00000000dba80000)
 ParOldGen       total 66048K, used 23927K [0x0000000080400000, 0x0000000084480000, 0x00000000d5700000)
  object space 66048K, 36% used [0x0000000080400000,0x0000000081b5dc40,0x0000000084480000)
 Metaspace       used 34818K, capacity 35283K, committed 35496K, reserved 1081344K
  class space    used 4398K, capacity 4577K, committed 4656K, reserved 1048576K
Event: 8.255 GC heap after
Heap after GC invocations=7 (full 1):
 PSYoungGen      total 86016K, used 10014K [0x00000000d5700000, 0x00000000dd280000, 0x0000000100000000)
  eden space 69120K, 0% used [0x00000000d5700000,0x00000000d5700000,0x00000000d9a80000)
  from space 16896K, 59% used [0x00000000daa00000,0x00000000db3c7aa8,0x00000000dba80000)
  to   space 15872K, 0% used [0x00000000d9a80000,0x00000000d9a80000,0x00000000daa00000)
 ParOldGen       total 66048K, used 23935K [0x0000000080400000, 0x0000000084480000, 0x00000000d5700000)
  object space 66048K, 36% used [0x0000000080400000,0x0000000081b5fc40,0x0000000084480000)
 Metaspace       used 34818K, capacity 35283K, committed 35496K, reserved 1081344K
  class space    used 4398K, capacity 4577K, committed 4656K, reserved 1048576K
}
Event: 8.255 GC heap before
{Heap before GC invocations=8 (full 2):
 PSYoungGen      total 86016K, used 10014K [0x00000000d5700000, 0x00000000dd280000, 0x0000000100000000)
  eden space 69120K, 0% used [0x00000000d5700000,0x00000000d5700000,0x00000000d9a80000)
  from space 16896K, 59% used [0x00000000daa00000,0x00000000db3c7aa8,0x00000000dba80000)
  to   space 15872K, 0% used [0x00000000d9a80000,0x00000000d9a80000,0x00000000daa00000)
 ParOldGen       total 66048K, used 23935K [0x0000000080400000, 0x0000000084480000, 0x00000000d5700000)
  object space 66048K, 36% used [0x0000000080400000,0x0000000081b5fc40,0x0000000084480000)
 Metaspace       used 34818K, capacity 35283K, committed 35496K, reserved 1081344K
  class space    used 4398K, capacity 4577K, committed 4656K, reserved 1048576K
Event: 8.377 GC heap after
Heap after GC invocations=8 (full 2):
 PSYoungGen      total 86016K, used 0K [0x00000000d5700000, 0x00000000dd280000, 0x0000000100000000)
  eden space 69120K, 0% used [0x00000000d5700000,0x00000000d5700000,0x00000000d9a80000)
  from space 16896K, 0% used [0x00000000daa00000,0x00000000daa00000,0x00000000dba80000)
  to   space 15872K, 0% used [0x00000000d9a80000,0x00000000d9a80000,0x00000000daa00000)
 ParOldGen       total 122880K, used 27177K [0x0000000080400000, 0x0000000087c00000, 0x00000000d5700000)
  object space 122880K, 22% used [0x0000000080400000,0x0000000081e8a6f8,0x0000000087c00000)
 Metaspace       used 34818K, capacity 35283K, committed 35496K, reserved 1081344K
  class space    used 4398K, capacity 4577K, committed 4656K, reserved 1048576K
}

