# JRE version: OpenJDK Runtime Environment (8.0_212-b04) (build 1.8.0_212-release-1586-b04)
# Java VM: OpenJDK 64-Bit Server VM (25.212-b04 mixed mode windows-amd64 compressed oops)
Heap:
 PSYoungGen      total 86016K, used 34027K [0x00000000e0180000, 0x00000000e6900000, 0x0000000100000000)
  eden space 69632K, 27% used [0x00000000e0180000,0x00000000e141d3e0,0x00000000e4580000)
  from space 16384K, 91% used [0x00000000e4580000,0x00000000e541d840,0x00000000e5580000)
  to   space 12288K, 0% used [0x00000000e5580000,0x00000000e5580000,0x00000000e6180000)
 ParOldGen       total 90112K, used 23407K [0x00000000a0400000, 0x00000000a5c00000, 0x00000000e0180000)
  object space 90112K, 25% used [0x00000000a0400000,0x00000000a1adbf88,0x00000000a5c00000)
 Metaspace       used 44123K, capacity 44854K, committed 45232K, reserved 1089536K
  class space    used 5562K, capacity 5759K, committed 5808K, reserved 1048576K
GC Heap History (10 events):
Event: 3.571 GC heap before
{Heap before GC invocations=5 (full 1):
 PSYoungGen      total 53248K, used 4095K [0x00000000e0180000, 0x00000000e3980000, 0x0000000100000000)
  eden space 49152K, 0% used [0x00000000e0180000,0x00000000e0180000,0x00000000e3180000)
  from space 4096K, 99% used [0x00000000e3580000,0x00000000e397ffe0,0x00000000e3980000)
  to   space 4096K, 0% used [0x00000000e3180000,0x00000000e3180000,0x00000000e3580000)
 ParOldGen       total 65536K, used 13391K [0x00000000a0400000, 0x00000000a4400000, 0x00000000e0180000)
  object space 65536K, 20% used [0x00000000a0400000,0x00000000a1113f48,0x00000000a4400000)
 Metaspace       used 20780K, capacity 21213K, committed 21296K, reserved 1069056K
  class space    used 2464K, capacity 2589K, committed 2608K, reserved 1048576K
Event: 3.621 GC heap after
Heap after GC invocations=5 (full 1):
 PSYoungGen      total 53248K, used 0K [0x00000000e0180000, 0x00000000e3980000, 0x0000000100000000)
  eden space 49152K, 0% used [0x00000000e0180000,0x00000000e0180000,0x00000000e3180000)
  from space 4096K, 0% used [0x00000000e3580000,0x00000000e3580000,0x00000000e3980000)
  to   space 4096K, 0% used [0x00000000e3180000,0x00000000e3180000,0x00000000e3580000)
 ParOldGen       total 54784K, used 12214K [0x00000000a0400000, 0x00000000a3980000, 0x00000000e0180000)
  object space 54784K, 22% used [0x00000000a0400000,0x00000000a0feda40,0x00000000a3980000)
 Metaspace       used 20780K, capacity 21213K, committed 21296K, reserved 1069056K
  class space    used 2464K, capacity 2589K, committed 2608K, reserved 1048576K
}
Event: 6.720 GC heap before
{Heap before GC invocations=6 (full 1):
 PSYoungGen      total 53248K, used 49152K [0x00000000e0180000, 0x00000000e3980000, 0x0000000100000000)
  eden space 49152K, 100% used [0x00000000e0180000,0x00000000e3180000,0x00000000e3180000)
  from space 4096K, 0% used [0x00000000e3580000,0x00000000e3580000,0x00000000e3980000)
  to   space 4096K, 0% used [0x00000000e3180000,0x00000000e3180000,0x00000000e3580000)
 ParOldGen       total 54784K, used 12214K [0x00000000a0400000, 0x00000000a3980000, 0x00000000e0180000)
  object space 54784K, 22% used [0x00000000a0400000,0x00000000a0feda40,0x00000000a3980000)
 Metaspace       used 26480K, capacity 26998K, committed 27184K, reserved 1073152K
  class space    used 3150K, capacity 3310K, committed 3376K, reserved 1048576K
Event: 6.737 GC heap after
Heap after GC invocations=6 (full 1):
 PSYoungGen      total 53248K, used 4094K [0x00000000e0180000, 0x00000000e6180000, 0x0000000100000000)
  eden space 49152K, 0% used [0x00000000e0180000,0x00000000e0180000,0x00000000e3180000)
  from space 4096K, 99% used [0x00000000e3180000,0x00000000e357fb18,0x00000000e3580000)
  to   space 12288K, 0% used [0x00000000e5580000,0x00000000e5580000,0x00000000e6180000)
 ParOldGen       total 54784K, used 19169K [0x00000000a0400000, 0x00000000a3980000, 0x00000000e0180000)
  object space 54784K, 34% used [0x00000000a0400000,0x00000000a16b8548,0x00000000a3980000)
 Metaspace       used 26480K, capacity 26998K, committed 27184K, reserved 1073152K
  class space    used 3150K, capacity 3310K, committed 3376K, reserved 1048576K
}
Event: 8.939 GC heap before
{Heap before GC invocations=7 (full 1):
 PSYoungGen      total 53248K, used 49719K [0x00000000e0180000, 0x00000000e6180000, 0x0000000100000000)
  eden space 49152K, 92% used [0x00000000e0180000,0x00000000e2e0e280,0x00000000e3180000)
  from space 4096K, 99% used [0x00000000e3180000,0x00000000e357fb18,0x00000000e3580000)
  to   space 12288K, 0% used [0x00000000e5580000,0x00000000e5580000,0x00000000e6180000)
 ParOldGen       total 54784K, used 19169K [0x00000000a0400000, 0x00000000a3980000, 0x00000000e0180000)
  object space 54784K, 34% used [0x00000000a0400000,0x00000000a16b8548,0x00000000a3980000)
 Metaspace       used 34628K, capacity 35174K, committed 35496K, reserved 1081344K
  class space    used 4388K, capacity 4545K, committed 4656K, reserved 1048576K
Event: 8.967 GC heap after
Heap after GC invocations=7 (full 1):
 PSYoungGen      total 81920K, used 12263K [0x00000000e0180000, 0x00000000e6900000, 0x0000000100000000)
  eden space 69632K, 0% used [0x00000000e0180000,0x00000000e0180000,0x00000000e4580000)
  from space 12288K, 99% used [0x00000000e5580000,0x00000000e6179c60,0x00000000e6180000)
  to   space 16384K, 0% used [0x00000000e4580000,0x00000000e4580000,0x00000000e5580000)
 ParOldGen       total 54784K, used 23266K [0x00000000a0400000, 0x00000000a3980000, 0x00000000e0180000)
  object space 54784K, 42% used [0x00000000a0400000,0x00000000a1ab8bd0,0x00000000a3980000)
 Metaspace       used 34628K, capacity 35174K, committed 35496K, reserved 1081344K
  class space    used 4388K, capacity 4545K, committed 4656K, reserved 1048576K
}
Event: 8.967 GC heap before
{Heap before GC invocations=8 (full 2):
 PSYoungGen      total 81920K, used 12263K [0x00000000e0180000, 0x00000000e6900000, 0x0000000100000000)
  eden space 69632K, 0% used [0x00000000e0180000,0x00000000e0180000,0x00000000e4580000)
  from space 12288K, 99% used [0x00000000e5580000,0x00000000e6179c60,0x00000000e6180000)
  to   space 16384K, 0% used [0x00000000e4580000,0x00000000e4580000,0x00000000e5580000)
 ParOldGen       total 54784K, used 23266K [0x00000000a0400000, 0x00000000a3980000, 0x00000000e0180000)
  object space 54784K, 42% used [0x00000000a0400000,0x00000000a1ab8bd0,0x00000000a3980000)
 Metaspace       used 34628K, capacity 35174K, committed 35496K, reserved 1081344K
  class space    used 4388K, capacity 4545K, committed 4656K, reserved 1048576K
Event: 9.128 GC heap after
Heap after GC invocations=8 (full 2):
 PSYoungGen      total 81920K, used 0K [0x00000000e0180000, 0x00000000e6900000, 0x0000000100000000)
  eden space 69632K, 0% used [0x00000000e0180000,0x00000000e0180000,0x00000000e4580000)
  from space 12288K, 0% used [0x00000000e5580000,0x00000000e5580000,0x00000000e6180000)
  to   space 16384K, 0% used [0x00000000e4580000,0x00000000e4580000,0x00000000e5580000)
 ParOldGen       total 90112K, used 23399K [0x00000000a0400000, 0x00000000a5c00000, 0x00000000e0180000)
  object space 90112K, 25% used [0x00000000a0400000,0x00000000a1ad9f88,0x00000000a5c00000)
 Metaspace       used 34628K, capacity 35174K, committed 35496K, reserved 1081344K
  class space    used 4388K, capacity 4545K, committed 4656K, reserved 1048576K
}
Event: 16.983 GC heap before
{Heap before GC invocations=9 (full 2):
 PSYoungGen      total 81920K, used 69632K [0x00000000e0180000, 0x00000000e6900000, 0x0000000100000000)
  eden space 69632K, 100% used [0x00000000e0180000,0x00000000e4580000,0x00000000e4580000)
  from space 12288K, 0% used [0x00000000e5580000,0x00000000e5580000,0x00000000e6180000)
  to   space 16384K, 0% used [0x00000000e4580000,0x00000000e4580000,0x00000000e5580000)
 ParOldGen       total 90112K, used 23399K [0x00000000a0400000, 0x00000000a5c00000, 0x00000000e0180000)
  object space 90112K, 25% used [0x00000000a0400000,0x00000000a1ad9f88,0x00000000a5c00000)
 Metaspace       used 42194K, capacity 42866K, committed 43312K, reserved 1087488K
  class space    used 5378K, capacity 5577K, committed 5680K, reserved 1048576K
Event: 17.017 GC heap after
Heap after GC invocations=9 (full 2):
 PSYoungGen      total 86016K, used 14966K [0x00000000e0180000, 0x00000000e6900000, 0x0000000100000000)
  eden space 69632K, 0% used [0x00000000e0180000,0x00000000e0180000,0x00000000e4580000)
  from space 16384K, 91% used [0x00000000e4580000,0x00000000e541d840,0x00000000e5580000)
  to   space 12288K, 0% used [0x00000000e5580000,0x00000000e5580000,0x00000000e6180000)
 ParOldGen       total 90112K, used 23407K [0x00000000a0400000, 0x00000000a5c00000, 0x00000000e0180000)
  object space 90112K, 25% used [0x00000000a0400000,0x00000000a1adbf88,0x00000000a5c00000)
 Metaspace       used 42194K, capacity 42866K, committed 43312K, reserved 1087488K
  class space    used 5378K, capacity 5577K, committed 5680K, reserved 1048576K
}

