# JRE version: OpenJDK Runtime Environment (8.0_212-b04) (build 1.8.0_212-release-1586-b04)
# Java VM: OpenJDK 64-Bit Server VM (25.212-b04 mixed mode windows-amd64 compressed oops)
Heap:
 PSYoungGen      total 179712K, used 127214K [0x00000000e0000000, 0x00000000edd80000, 0x0000000100000000)
  eden space 157184K, 66% used [0x00000000e0000000,0x00000000e6642430,0x00000000e9980000)
  from space 22528K, 99% used [0x00000000e9980000,0x00000000eaf79628,0x00000000eaf80000)
  to   space 27136K, 0% used [0x00000000ec300000,0x00000000ec300000,0x00000000edd80000)
 ParOldGen       total 109568K, used 64662K [0x00000000a0000000, 0x00000000a6b00000, 0x00000000e0000000)
  object space 109568K, 59% used [0x00000000a0000000,0x00000000a3f25af0,0x00000000a6b00000)
 Metaspace       used 76344K, capacity 79074K, committed 79232K, reserved 1118208K
  class space    used 10225K, capacity 10817K, committed 10880K, reserved 1048576K
GC Heap History (10 events):
Event: 29.118 GC heap before
{Heap before GC invocations=18 (full 3):
 PSYoungGen      total 128512K, used 12786K [0x00000000e0000000, 0x00000000eaf00000, 0x0000000100000000)
  eden space 115712K, 0% used [0x00000000e0000000,0x00000000e0000000,0x00000000e7100000)
  from space 12800K, 99% used [0x00000000e7100000,0x00000000e7d7cba8,0x00000000e7d80000)
  to   space 15360K, 0% used [0x00000000ea000000,0x00000000ea000000,0x00000000eaf00000)
 ParOldGen       total 68096K, used 29306K [0x00000000a0000000, 0x00000000a4280000, 0x00000000e0000000)
  object space 68096K, 43% used [0x00000000a0000000,0x00000000a1c9ea68,0x00000000a4280000)
 Metaspace       used 57202K, capacity 59004K, committed 59096K, reserved 1099776K
  class space    used 7855K, capacity 8273K, committed 8320K, reserved 1048576K
Event: 29.421 GC heap after
Heap after GC invocations=18 (full 3):
 PSYoungGen      total 128512K, used 0K [0x00000000e0000000, 0x00000000eaf00000, 0x0000000100000000)
  eden space 115712K, 0% used [0x00000000e0000000,0x00000000e0000000,0x00000000e7100000)
  from space 12800K, 0% used [0x00000000e7100000,0x00000000e7100000,0x00000000e7d80000)
  to   space 15360K, 0% used [0x00000000ea000000,0x00000000ea000000,0x00000000eaf00000)
 ParOldGen       total 109568K, used 36121K [0x00000000a0000000, 0x00000000a6b00000, 0x00000000e0000000)
  object space 109568K, 32% used [0x00000000a0000000,0x00000000a23464f0,0x00000000a6b00000)
 Metaspace       used 57202K, capacity 59004K, committed 59096K, reserved 1099776K
  class space    used 7855K, capacity 8273K, committed 8320K, reserved 1048576K
}
Event: 33.868 GC heap before
{Heap before GC invocations=19 (full 3):
 PSYoungGen      total 128512K, used 115712K [0x00000000e0000000, 0x00000000eaf00000, 0x0000000100000000)
  eden space 115712K, 100% used [0x00000000e0000000,0x00000000e7100000,0x00000000e7100000)
  from space 12800K, 0% used [0x00000000e7100000,0x00000000e7100000,0x00000000e7d80000)
  to   space 15360K, 0% used [0x00000000ea000000,0x00000000ea000000,0x00000000eaf00000)
 ParOldGen       total 109568K, used 36121K [0x00000000a0000000, 0x00000000a6b00000, 0x00000000e0000000)
  object space 109568K, 32% used [0x00000000a0000000,0x00000000a23464f0,0x00000000a6b00000)
 Metaspace       used 61042K, capacity 63242K, committed 63360K, reserved 1103872K
  class space    used 8338K, capacity 8798K, committed 8832K, reserved 1048576K
Event: 33.893 GC heap after
Heap after GC invocations=19 (full 3):
 PSYoungGen      total 154112K, used 14632K [0x00000000e0000000, 0x00000000eae80000, 0x0000000100000000)
  eden space 139264K, 0% used [0x00000000e0000000,0x00000000e0000000,0x00000000e8800000)
  from space 14848K, 98% used [0x00000000ea000000,0x00000000eae4a228,0x00000000eae80000)
  to   space 17408K, 0% used [0x00000000e8c80000,0x00000000e8c80000,0x00000000e9d80000)
 ParOldGen       total 109568K, used 36129K [0x00000000a0000000, 0x00000000a6b00000, 0x00000000e0000000)
  object space 109568K, 32% used [0x00000000a0000000,0x00000000a23484f0,0x00000000a6b00000)
 Metaspace       used 61042K, capacity 63242K, committed 63360K, reserved 1103872K
  class space    used 8338K, capacity 8798K, committed 8832K, reserved 1048576K
}
Event: 42.274 GC heap before
{Heap before GC invocations=20 (full 3):
 PSYoungGen      total 154112K, used 153896K [0x00000000e0000000, 0x00000000eae80000, 0x0000000100000000)
  eden space 139264K, 100% used [0x00000000e0000000,0x00000000e8800000,0x00000000e8800000)
  from space 14848K, 98% used [0x00000000ea000000,0x00000000eae4a228,0x00000000eae80000)
  to   space 17408K, 0% used [0x00000000e8c80000,0x00000000e8c80000,0x00000000e9d80000)
 ParOldGen       total 109568K, used 36129K [0x00000000a0000000, 0x00000000a6b00000, 0x00000000e0000000)
  object space 109568K, 32% used [0x00000000a0000000,0x00000000a23484f0,0x00000000a6b00000)
 Metaspace       used 63436K, capacity 65846K, committed 66048K, reserved 1105920K
  class space    used 8617K, capacity 9108K, committed 9216K, reserved 1048576K
Event: 42.305 GC heap after
Heap after GC invocations=20 (full 3):
 PSYoungGen      total 161280K, used 17402K [0x00000000e0000000, 0x00000000ec600000, 0x0000000100000000)
  eden space 143872K, 0% used [0x00000000e0000000,0x00000000e0000000,0x00000000e8c80000)
  from space 17408K, 99% used [0x00000000e8c80000,0x00000000e9d7eba8,0x00000000e9d80000)
  to   space 23040K, 0% used [0x00000000eaf80000,0x00000000eaf80000,0x00000000ec600000)
 ParOldGen       total 109568K, used 45244K [0x00000000a0000000, 0x00000000a6b00000, 0x00000000e0000000)
  object space 109568K, 41% used [0x00000000a0000000,0x00000000a2c2f0c0,0x00000000a6b00000)
 Metaspace       used 63436K, capacity 65846K, committed 66048K, reserved 1105920K
  class space    used 8617K, capacity 9108K, committed 9216K, reserved 1048576K
}
Event: 53.682 GC heap before
{Heap before GC invocations=21 (full 3):
 PSYoungGen      total 161280K, used 161274K [0x00000000e0000000, 0x00000000ec600000, 0x0000000100000000)
  eden space 143872K, 100% used [0x00000000e0000000,0x00000000e8c80000,0x00000000e8c80000)
  from space 17408K, 99% used [0x00000000e8c80000,0x00000000e9d7eba8,0x00000000e9d80000)
  to   space 23040K, 0% used [0x00000000eaf80000,0x00000000eaf80000,0x00000000ec600000)
 ParOldGen       total 109568K, used 45244K [0x00000000a0000000, 0x00000000a6b00000, 0x00000000e0000000)
  object space 109568K, 41% used [0x00000000a0000000,0x00000000a2c2f0c0,0x00000000a6b00000)
 Metaspace       used 67436K, capacity 69902K, committed 70016K, reserved 1110016K
  class space    used 9073K, capacity 9594K, committed 9600K, reserved 1048576K
Event: 53.720 GC heap after
Heap after GC invocations=21 (full 3):
 PSYoungGen      total 180224K, used 11972K [0x00000000e0000000, 0x00000000ec880000, 0x0000000100000000)
  eden space 157184K, 0% used [0x00000000e0000000,0x00000000e0000000,0x00000000e9980000)
  from space 23040K, 51% used [0x00000000eaf80000,0x00000000ebb31178,0x00000000ec600000)
  to   space 22528K, 0% used [0x00000000e9980000,0x00000000e9980000,0x00000000eaf80000)
 ParOldGen       total 109568K, used 61951K [0x00000000a0000000, 0x00000000a6b00000, 0x00000000e0000000)
  object space 109568K, 56% used [0x00000000a0000000,0x00000000a3c7fe08,0x00000000a6b00000)
 Metaspace       used 67436K, capacity 69902K, committed 70016K, reserved 1110016K
  class space    used 9073K, capacity 9594K, committed 9600K, reserved 1048576K
}
Event: 81.300 GC heap before
{Heap before GC invocations=22 (full 3):
 PSYoungGen      total 180224K, used 169156K [0x00000000e0000000, 0x00000000ec880000, 0x0000000100000000)
  eden space 157184K, 100% used [0x00000000e0000000,0x00000000e9980000,0x00000000e9980000)
  from space 23040K, 51% used [0x00000000eaf80000,0x00000000ebb31178,0x00000000ec600000)
  to   space 22528K, 0% used [0x00000000e9980000,0x00000000e9980000,0x00000000eaf80000)
 ParOldGen       total 109568K, used 61951K [0x00000000a0000000, 0x00000000a6b00000, 0x00000000e0000000)
  object space 109568K, 56% used [0x00000000a0000000,0x00000000a3c7fe08,0x00000000a6b00000)
 Metaspace       used 73048K, capacity 75650K, committed 75904K, reserved 1114112K
  class space    used 9787K, capacity 10356K, committed 10368K, reserved 1048576K
Event: 81.337 GC heap after
Heap after GC invocations=22 (full 3):
 PSYoungGen      total 179712K, used 22501K [0x00000000e0000000, 0x00000000edd80000, 0x0000000100000000)
  eden space 157184K, 0% used [0x00000000e0000000,0x00000000e0000000,0x00000000e9980000)
  from space 22528K, 99% used [0x00000000e9980000,0x00000000eaf79628,0x00000000eaf80000)
  to   space 27136K, 0% used [0x00000000ec300000,0x00000000ec300000,0x00000000edd80000)
 ParOldGen       total 109568K, used 64662K [0x00000000a0000000, 0x00000000a6b00000, 0x00000000e0000000)
  object space 109568K, 59% used [0x00000000a0000000,0x00000000a3f25af0,0x00000000a6b00000)
 Metaspace       used 73048K, capacity 75650K, committed 75904K, reserved 1114112K
  class space    used 9787K, capacity 10356K, committed 10368K, reserved 1048576K
}

